
> words@0.1.0 start
> next start --port 3000

▲ Next.js 16.1.6
- Local:         http://localhost:3000
- Network:       http://198.18.0.1:3000

✓ Starting...
✓ Ready in 523ms
[study:perf] getDueRowsByCategory 3073ms category=due studyView=all tag=All libraryScoped=false preferred=0 skipped=0 rows=0 limit=30
[study:perf] getDueRowsByCategory 3082ms category=weak_due studyView=all tag=All libraryScoped=false preferred=0 skipped=0 rows=0 limit=30
[study:perf] getDueRowsByCategory 3099ms category=leech_due studyView=all tag=All libraryScoped=false preferred=0 skipped=0 rows=0 limit=30
[study:perf] getDueRowsByCategory 3107ms category=overdue studyView=all tag=All libraryScoped=false preferred=0 skipped=0 rows=0 limit=30
[study:perf] getDueStudyItems 3107ms studyView=all tag=All targetSize=30 resultCount=0 libraryScoped=false
[history:page] 2130ms sentenceTotal=0 pageSize=15
[study:perf] getNewStudyItems 303ms tag=All batchSize=5 resultCount=5 libraryScoped=false libraryRpc=false preferred=0 skipped=0
[study:perf] hydrateStudyBatchWordDetails 177ms batchSize=5 hydratedWords=5
[study:perf] getStudyBatch 3588ms librarySlug=all studyView=all batchSize=5 dueCount=0 dueItems=0 newItems=5 hydratedItems=5 libraryScoped=false preferred=0 skipped=0
[study:page] 3602ms librarySlug=all reviewRoute=false hasReviewTarget=false deferredLibraryOptions=false initialBatch=5 libraries=5 favorites=0 requestedStudyView=all effectiveStudyView=all
[study:perf] buildLibrarySummary 641ms library=cet-6 wordCount=2219 activeCount=0 dueCount=0
[study:perf] buildLibrarySummary 1368ms library=cet-4 wordCount=3324 activeCount=0 dueCount=0
[study:perf] getStudyLibraries 3531ms libraryCount=5 startedWordIds=0 dueWordIds=0 startedGrammarIds=0 dueGrammarIds=0
[study:perf] getStudyLibraries 712ms libraryCount=5 startedWordIds=0 dueWordIds=0 startedGrammarIds=0 dueGrammarIds=0
[study:perf] getStudyEnrichmentProgress 3420ms libraryCount=5 cacheHit=false progressItems=6
[study:perf] getStudySidebarData 4132ms libraryCount=5 progressItems=6
[study:perf] getDueRowsByCategory 151ms category=due studyView=all tag=CET-4 libraryScoped=false preferred=0 skipped=0 rows=0 limit=30
[study:perf] getDueRowsByCategory 160ms category=weak_due studyView=all tag=CET-4 libraryScoped=false preferred=0 skipped=0 rows=0 limit=30
[study:perf] getDueRowsByCategory 164ms category=leech_due studyView=all tag=CET-4 libraryScoped=false preferred=0 skipped=0 rows=0 limit=30
[study:perf] getDueStudyItems 165ms studyView=all tag=CET-4 targetSize=30 resultCount=0 libraryScoped=false
[study:perf] getNewStudyItems 229ms tag=CET-4 batchSize=5 resultCount=5 libraryScoped=false libraryRpc=false preferred=0 skipped=0
[study:perf] hydrateStudyBatchWordDetails 166ms batchSize=5 hydratedWords=5
[study:perf] getStudyBatch 561ms librarySlug=cet-4 studyView=all batchSize=5 dueCount=0 dueItems=0 newItems=5 hydratedItems=5 libraryScoped=true preferred=0 skipped=0
